mode: set
github.com/nikitasmall/frameworks-comparsion/task/task.go:20.27,27.2 2 1
github.com/nikitasmall/frameworks-comparsion/task/task.go:29.40,35.2 1 1
github.com/nikitasmall/frameworks-comparsion/task/task.go:37.33,39.2 1 1
github.com/nikitasmall/frameworks-comparsion/task/task.go:41.44,46.2 3 1
github.com/nikitasmall/frameworks-comparsion/task/task.go:48.48,49.31 1 1
github.com/nikitasmall/frameworks-comparsion/task/task.go:55.2,55.28 1 0
github.com/nikitasmall/frameworks-comparsion/task/task.go:49.31,50.20 1 1
github.com/nikitasmall/frameworks-comparsion/task/task.go:50.20,52.4 1 1
github.com/nikitasmall/frameworks-comparsion/task/task.go:58.80,59.31 1 1
github.com/nikitasmall/frameworks-comparsion/task/task.go:68.2,68.28 1 0
github.com/nikitasmall/frameworks-comparsion/task/task.go:59.31,60.20 1 1
github.com/nikitasmall/frameworks-comparsion/task/task.go:60.20,65.4 3 1
github.com/nikitasmall/frameworks-comparsion/task/task.go:71.52,72.35 1 1
github.com/nikitasmall/frameworks-comparsion/task/task.go:79.2,79.28 1 0
github.com/nikitasmall/frameworks-comparsion/task/task.go:72.35,73.20 1 1
github.com/nikitasmall/frameworks-comparsion/task/task.go:73.20,76.4 2 1
